[INFO] Scanning for projects...
[INFO] 
[INFO] ----------------------------< com.cms:cms >-----------------------------
[INFO] Building cms 1.0.0-SNAPSHOT
[INFO]   from pom.xml
[INFO] --------------------------------[ jar ]---------------------------------
[INFO] 
[INFO] --- clean:3.3.2:clean (default-clean) @ cms ---
Downloading from central: https://repo.maven.apache.org/maven2/org/codehaus/plexus/plexus-utils/4.0.0/plexus-utils-4.0.0.jar
Progress (1): 0.9/192 kB
Progress (1): 2.3/192 kB
Progress (1): 3.6/192 kB
Progress (1): 5.0/192 kB
Progress (1): 6.4/192 kB
Progress (1): 7.7/192 kB
Progress (1): 9.1/192 kB
Progress (1): 10/192 kB 
Progress (1): 12/192 kB
Progress (1): 13/192 kB
Progress (1): 14/192 kB
Progress (1): 16/192 kB
Progress (1): 17/192 kB
Progress (1): 18/192 kB
Progress (1): 20/192 kB
Progress (1): 21/192 kB
Progress (1): 22/192 kB
Progress (1): 24/192 kB
Progress (1): 25/192 kB
Progress (1): 27/192 kB
Progress (1): 28/192 kB
Progress (1): 29/192 kB
Progress (1): 31/192 kB
Progress (1): 32/192 kB
Progress (1): 33/192 kB
Progress (1): 35/192 kB
Progress (1): 36/192 kB
Progress (1): 38/192 kB
Progress (1): 39/192 kB
Progress (1): 40/192 kB
Progress (1): 42/192 kB
Progress (1): 43/192 kB
Progress (1): 44/192 kB
Progress (1): 46/192 kB
Progress (1): 47/192 kB
Progress (1): 48/192 kB
Progress (1): 50/192 kB
Progress (1): 51/192 kB
Progress (1): 53/192 kB
Progress (1): 54/192 kB
Progress (1): 55/192 kB
Progress (1): 60/192 kB
Progress (1): 64/192 kB
Progress (1): 68/192 kB
Progress (1): 72/192 kB
Progress (1): 76/192 kB
Progress (1): 81/192 kB
Progress (1): 85/192 kB
Progress (1): 89/192 kB
Progress (1): 93/192 kB
Progress (1): 98/192 kB
Progress (1): 102/192 kB
Progress (1): 106/192 kB
Progress (1): 110/192 kB
Progress (1): 115/192 kB
Progress (1): 119/192 kB
Progress (1): 123/192 kB
Progress (1): 127/192 kB
Progress (1): 131/192 kB
Progress (1): 136/192 kB
Progress (1): 140/192 kB
Progress (1): 143/192 kB
Progress (1): 147/192 kB
Progress (1): 151/192 kB
Progress (1): 155/192 kB
Progress (1): 160/192 kB
Progress (1): 164/192 kB
Progress (1): 168/192 kB
Progress (1): 172/192 kB
Progress (1): 176/192 kB
Progress (1): 181/192 kB
Progress (1): 185/192 kB
Progress (1): 189/192 kB
Progress (1): 192 kB    
                    
Downloaded from central: https://repo.maven.apache.org/maven2/org/codehaus/plexus/plexus-utils/4.0.0/plexus-utils-4.0.0.jar (192 kB at 83 kB/s)
[INFO] Deleting C:\Users\sree\Desktop\cms\target
[INFO] 
[INFO] --- resources:3.3.1:resources (default-resources) @ cms ---
[INFO] Copying 3 resources from src\main\resources to target\classes
[INFO] Copying 6 resources from src\main\resources to target\classes
[INFO] 
[INFO] --- compiler:3.11.0:compile (default-compile) @ cms ---
[INFO] Changes detected - recompiling the module! :source
[INFO] Compiling 74 source files with javac [debug release 17] to target\classes
WARNING: A terminally deprecated method in sun.misc.Unsafe has been called
WARNING: sun.misc.Unsafe::objectFieldOffset has been called by lombok.permit.Permit
WARNING: Please consider reporting this to the maintainers of class lombok.permit.Permit
WARNING: sun.misc.Unsafe::objectFieldOffset will be removed in a future release
[INFO] ------------------------------------------------------------------------
[INFO] BUILD FAILURE
[INFO] ------------------------------------------------------------------------
[INFO] Total time:  22.512 s
[INFO] Finished at: 2026-02-01T19:04:17+05:30
[INFO] ------------------------------------------------------------------------
[ERROR] Failed to execute goal org.apache.maven.plugins:maven-compiler-plugin:3.11.0:compile (default-compile) on project cms: Fatal error compiling: java.lang.ExceptionInInitializerError: com.sun.tools.javac.code.TypeTag :: UNKNOWN -> [Help 1]
[ERROR] 
[ERROR] To see the full stack trace of the errors, re-run Maven with the -e switch.
[ERROR] Re-run Maven using the -X switch to enable full debug logging.
[ERROR] 
[ERROR] For more information about the errors and possible solutions, please read the following articles:
[ERROR] [Help 1] http://cwiki.apache.org/confluence/display/MAVEN/MojoExecutionException
